Log file open, 06/26/17 12:57:03
LogInit:Display: Running engine for game: MainMenu
LogPlatformFile: Not using cached read wrapper
LogInit:Display: RandInit(-1084729689) SRandInit(-1084729689).
LogTaskGraph: Started task graph with 5 named threads and 8 total threads with 1 sets of task threads.
LogStats: Stats thread started at 3.349597
LogInit: Using libcurl 7.47.1
LogInit:  - built for x86_64-pc-win32
LogInit:  - supports SSL with OpenSSL/1.0.2g
LogInit:  - supports HTTP deflate (compression) using libz 1.2.8
LogInit:  - other features:
LogInit:      CURL_VERSION_SSL
LogInit:      CURL_VERSION_LIBZ
LogInit:      CURL_VERSION_IPV6
LogInit:      CURL_VERSION_ASYNCHDNS
LogInit:      CURL_VERSION_LARGEFILE
LogInit:      CURL_VERSION_IDN
LogInit:  CurlRequestOptions (configurable via config and command line):
LogInit:  - bVerifyPeer = false  - Libcurl will NOT verify peer certificate
LogInit:  - bUseHttpProxy = false  - Libcurl will NOT use HTTP proxy
LogInit:  - bDontReuseConnections = false  - Libcurl will reuse connections
LogInit:  - CertBundlePath = nullptr  - Libcurl will use whatever was configured at build time.
LogInit: Build: ++UE4+Release-4.15-CL-3450819
LogInit: Engine Version: 4.15.3-3450819+++UE4+Release-4.15
LogInit: Compatible Engine Version: 4.15.0-3299760+++UE4+Release-4.15
LogInit: Net CL: 3299760
LogDevObjectVersion: Number of dev versions registered: 14
LogDevObjectVersion:   Dev-Blueprints (B0D832E4-1F89-4F0D-ACCF-7EB736FD4AA2): 8
LogDevObjectVersion:   Dev-Build (E1C64328-A22C-4D53-A36C-8E866417BD8C): 0
LogDevObjectVersion:   Dev-Core (375EC13C-06E4-48FB-B500-84F0262A717E): 2
LogDevObjectVersion:   Dev-Editor (E4B068ED-F494-42E9-A231-DA0B2E46BB41): 14
LogDevObjectVersion:   Dev-Framework (CFFC743F-43B0-4480-9391-14DF171D2073): 22
LogDevObjectVersion:   Dev-Mobile (B02B49B5-BB20-44E9-A304-32B752E40360): 0
LogDevObjectVersion:   Dev-Networking (A4E4105C-59A1-49B5-A7C5-40C4547EDFEE): 0
LogDevObjectVersion:   Dev-Online (39C831C9-5AE6-47DC-9A44-9C173E1C8E7C): 0
LogDevObjectVersion:   Dev-Physics (78F01B33-EBEA-4F98-B9B4-84EACCB95AA2): 0
LogDevObjectVersion:   Dev-Platform (6631380F-2D4D-43E0-8009-CF276956A95A): 0
LogDevObjectVersion:   Dev-Rendering (12F88B9F-8875-4AFC-A67C-D90C383ABD29): 12
LogDevObjectVersion:   Dev-Sequencer (7B5AE74C-D270-4C10-A958-57980B212A5A): 3
LogDevObjectVersion:   Dev-VR (D7296918-1DD6-4BDD-9DE2-64A83CC13884): 0
LogDevObjectVersion:   Dev-LoadTimes (C2A15278-BFE7-4AFE-6C17-90FF531DF755): 1
LogInit: Compiled (64-bit): May 21 2017 11:02:34
LogInit: Compiled with Visual C++: 19.00.23026.00
LogInit: Build Configuration: Development
LogInit: Branch Name: ++UE4+Release-4.15
LogInit: Command line:  
LogInit: Base directory: C:/Program Files/Epic Games/UE_4.15/Engine/Binaries/Win64/
LogInit: Installed Engine Build: 1
LogInit: Presizing for max 8388607 objects, including 0 objects not considered by GC, pre-allocating 0 bytes for permanent pool.
LogInit: Object subsystem initialized
[2017.06.26-19.57.06:318][  0]LogInit: Selected Device Profile: [Windows]
[2017.06.26-19.57.06:318][  0]LogInit: Applying CVar settings loaded from the selected device profile: [Windows]
[2017.06.26-19.57.06:432][  0]LogInit: Computer: ULTIMATESKIBUM
[2017.06.26-19.57.06:432][  0]LogInit: User: Liam
[2017.06.26-19.57.06:432][  0]LogInit: CPU Page size=65536, Cores=4
[2017.06.26-19.57.06:432][  0]LogInit: High frequency timer resolution =3.906387 MHz
[2017.06.26-19.57.06:432][  0]LogMemory: Memory total: Physical=15.9GB (16GB approx)
[2017.06.26-19.57.06:432][  0]LogMemory: Platform Memory Stats for Windows
[2017.06.26-19.57.06:432][  0]LogMemory: Process Physical Memory: 265.82 MB used, 265.82 MB peak
[2017.06.26-19.57.06:432][  0]LogMemory: Process Virtual Memory: 262.79 MB used, 262.79 MB peak
[2017.06.26-19.57.06:432][  0]LogMemory: Physical Memory: 4259.87 MB used,  12071.13 MB free, 16331.00 MB total
[2017.06.26-19.57.06:432][  0]LogMemory: Virtual Memory: 645.73 MB used,  12071.13 MB free, 134217728.00 MB total
[2017.06.26-19.57.07:647][  0]LogTextLocalizationManager: No specific translations for ('en-US') exist, so ('en') translations will be used.
[2017.06.26-19.57.14:825][  0]LogD3D11RHI: D3D11 adapters:
[2017.06.26-19.57.15:371][  0]LogD3D11RHI:    0. 'NVIDIA GeForce GTX 770' (Feature Level 11_0)
[2017.06.26-19.57.15:371][  0]LogD3D11RHI:       4063/0/8165 MB DedicatedVideo/DedicatedSystem/SharedSystem, Outputs:1, VendorId:0x10de
[2017.06.26-19.57.15:373][  0]LogD3D11RHI:    1. 'Microsoft Basic Render Driver' (Feature Level 11_0)
[2017.06.26-19.57.15:373][  0]LogD3D11RHI:       0/0/8165 MB DedicatedVideo/DedicatedSystem/SharedSystem, Outputs:0, VendorId:0x1414
[2017.06.26-19.57.15:373][  0]LogD3D11RHI: Chosen D3D11 Adapter: 0
[2017.06.26-19.57.15:383][  0]LogD3D11RHI: Creating new Direct3DDevice
[2017.06.26-19.57.15:383][  0]LogD3D11RHI:     GPU DeviceId: 0x1184 (for the marketing name, search the web for "GPU Device Id")
[2017.06.26-19.57.15:383][  0]LogWindows: EnumDisplayDevices:
[2017.06.26-19.57.15:383][  0]LogWindows:    0. 'NVIDIA GeForce GTX 770' (P:1 D:1)
[2017.06.26-19.57.15:384][  0]LogWindows:    1. 'NVIDIA GeForce GTX 770' (P:0 D:0)
[2017.06.26-19.57.15:384][  0]LogWindows:    2. 'NVIDIA GeForce GTX 770' (P:0 D:0)
[2017.06.26-19.57.15:384][  0]LogWindows:    3. 'NVIDIA GeForce GTX 770' (P:0 D:0)
[2017.06.26-19.57.15:384][  0]LogWindows: DebugString: FoundDriverCount:4 
[2017.06.26-19.57.15:384][  0]LogD3D11RHI:     Adapter Name: NVIDIA GeForce GTX 770
[2017.06.26-19.57.15:384][  0]LogD3D11RHI:   Driver Version: 382.33 (internal:22.21.13.8233, unified:382.33)
[2017.06.26-19.57.15:384][  0]LogD3D11RHI:      Driver Date: 5-17-2017
[2017.06.26-19.57.15:384][  0]LogRHI: Texture pool is 1361 MB (70% of 1945 MB)
[2017.06.26-19.57.15:944][  0]LogD3D11RHI:Warning: Timestamp queries are currently disabled on this hardware due to instability. Realtime GPU stats will not be available. You can override this behaviour by setting r.NVIDIATimestampWorkaround to 0
[2017.06.26-19.57.15:948][  0]LogD3D11RHI: Async texture creation enabled
[2017.06.26-19.57.16:221][  0]LogD3D11RHI: GPU Timing Frequency: 1000.000000 (Debug: 2 1)
[2017.06.26-19.57.16:353][  0]LogShaderCompilers: Guid format shader working directory is -18 characters bigger than the processId version (../../../../../../Users/Liam/Documents/Unreal Projects/MainMenu/Intermediate/Shaders/WorkingDirectory/9900/).
[2017.06.26-19.57.16:353][  0]LogShaderCompilers: Cleaned the shader compiler working directory 'C:/Users/Liam/AppData/Local/Temp/UnrealShaderWorkingDir/1230C2A745F45783AD55B799253AA7AF/'.
[2017.06.26-19.57.16:353][  0]LogShaderCompilers:Display: Using Local Shader Compiler.
[2017.06.26-19.57.22:529][  0]LogTemp:Display: Loaded TP AllDesktopTargetPlatform
[2017.06.26-19.57.22:623][  0]LogTemp:Display: Loaded TP MacClientTargetPlatform
[2017.06.26-19.57.22:715][  0]LogTemp:Display: Loaded TP MacNoEditorTargetPlatform
[2017.06.26-19.57.22:808][  0]LogTemp:Display: Loaded TP MacServerTargetPlatform
[2017.06.26-19.57.22:954][  0]LogTemp:Display: Loaded TP MacTargetPlatform
[2017.06.26-19.57.23:051][  0]LogTemp:Display: Loaded TP WindowsClientTargetPlatform
[2017.06.26-19.57.23:145][  0]LogTemp:Display: Loaded TP WindowsNoEditorTargetPlatform
[2017.06.26-19.57.23:238][  0]LogTemp:Display: Loaded TP WindowsServerTargetPlatform
[2017.06.26-19.57.23:327][  0]LogTemp:Display: Loaded TP WindowsTargetPlatform
[2017.06.26-19.57.23:497][  0]LogTemp:Display: Loaded TP AndroidTargetPlatform
[2017.06.26-19.57.23:638][  0]LogTemp:Display: Loaded TP Android_ASTCTargetPlatform
[2017.06.26-19.57.23:746][  0]LogTemp:Display: Loaded TP Android_ATCTargetPlatform
[2017.06.26-19.57.23:874][  0]LogTemp:Display: Loaded TP Android_DXTTargetPlatform
[2017.06.26-19.57.24:021][  0]LogTemp:Display: Loaded TP Android_ETC1TargetPlatform
[2017.06.26-19.57.24:125][  0]LogTemp:Display: Loaded TP Android_ETC2TargetPlatform
[2017.06.26-19.57.24:376][  0]LogTemp:Display: Loaded TP Android_MultiTargetPlatform
[2017.06.26-19.57.24:376][  0]LogTemp:Display: Loaded TP Android_PVRTCTargetPlatform
[2017.06.26-19.57.24:495][  0]LogTemp:Display: Loaded TP HTML5TargetPlatform
[2017.06.26-19.57.24:711][  0]LogTemp:Display: Loaded TP IOSTargetPlatform
[2017.06.26-19.57.24:773][  0]LogTemp:Display: Loaded TP TVOSTargetPlatform
[2017.06.26-19.57.24:886][  0]LogTemp:Display: Loaded TP LinuxClientTargetPlatform
[2017.06.26-19.57.25:022][  0]LogTemp:Display: Loaded TP LinuxNoEditorTargetPlatform
[2017.06.26-19.57.25:115][  0]LogTemp:Display: Loaded TP LinuxServerTargetPlatform
[2017.06.26-19.57.25:286][  0]LogTemp:Display: Loaded TP LinuxTargetPlatform
[2017.06.26-19.57.25:286][  0]LogTargetPlatformManager:Display: Building Assets For Windows
[2017.06.26-19.57.26:872][  0]LogDerivedDataCache:Display: Max Cache Size: 512 MB
[2017.06.26-19.57.27:533][  0]LogDerivedDataCache: Loaded boot cache 0.64s 51MB C:/Users/Liam/AppData/Local/UnrealEngine/4.15/DerivedDataCache/Boot.ddc.
[2017.06.26-19.57.27:533][  0]LogDerivedDataCache:Display: Loaded Boot cache: C:/Users/Liam/AppData/Local/UnrealEngine/4.15/DerivedDataCache/Boot.ddc
[2017.06.26-19.57.27:533][  0]LogDerivedDataCache: FDerivedDataBackendGraph:  Pak pak cache file ../../../../../../Users/Liam/Documents/Unreal Projects/MainMenu/DerivedDataCache/DDC.ddp not found, will not use a pak cache.
[2017.06.26-19.57.27:533][  0]LogDerivedDataCache: Unable to find inner node Pak for hierarchical cache Hierarchy.
[2017.06.26-19.57.27:533][  0]LogDerivedDataCache: FDerivedDataBackendGraph:  CompressedPak pak cache file ../../../../../../Users/Liam/Documents/Unreal Projects/MainMenu/DerivedDataCache/Compressed.ddp not found, will not use a pak cache.
[2017.06.26-19.57.27:533][  0]LogDerivedDataCache: Unable to find inner node CompressedPak for hierarchical cache Hierarchy.
[2017.06.26-19.57.27:622][  0]LogDerivedDataCache:Display: Pak cache opened for reading ../../../Engine/DerivedDataCache/Compressed.ddp.
[2017.06.26-19.57.27:675][  0]LogDerivedDataCache: Using Local data cache path C:/Users/Liam/AppData/Local/UnrealEngine/Common/DerivedDataCache: Writable
[2017.06.26-19.57.27:832][  0]LogSlate: Using Freetype 2.6.0
[2017.06.26-19.57.27:996][  0]LogSlate: SlateFontCache - WITH_FREETYPE: 1, WITH_HARFBUZZ: 1
[2017.06.26-19.57.27:996][  0]LogSlate: SlateFontCache - WITH_FREETYPE: 1, WITH_HARFBUZZ: 1
[2017.06.26-19.57.35:438][  0]LogInit: Selected Device Profile: [Windows]
[2017.06.26-19.57.35:493][  0]LogContentStreaming: Texture pool size is 0.00 MB
[2017.06.26-19.57.36:296][  0]LogMeshUtilities: Using QuadricMeshReduction for automatic static mesh reduction
[2017.06.26-19.57.36:424][  0]LogSimplygon: Simplygon DLL not present - disabling.
[2017.06.26-19.57.36:583][  0]LogMeshUtilities: Using SimplygonSwarm for distributed automatic mesh merging
[2017.06.26-19.57.36:583][  0]LogMeshUtilities: No automatic skeletal mesh reduction module available
[2017.06.26-19.57.36:583][  0]LogMeshUtilities: No automatic mesh merging module available
[2017.06.26-19.57.41:318][  0]LogNetVersion: GetLocalNetworkVersion: CL: 3299760, ProjectName: mainmenu, ProjectVersion: , EngineNetworkVersion: 2, GameNetworkVersion: 0, NetworkChecksum: 1758225751
[2017.06.26-19.57.41:456][  0]LogAssetRegistry: FAssetRegistry took 0.0228 seconds to start up
[2017.06.26-19.57.41:752][  0]LogPackageLocalizationCache: Processed 4 localized package path(s) for 2 prioritized culture(s) in 0.207212 seconds
[2017.06.26-19.57.41:795][  0]LogUObjectArray: 32493 objects as part of root set at end of initial load.
[2017.06.26-19.57.41:795][  0]LogUObjectAllocator: 7077032 out of 0 bytes used by permanent object pool.
[2017.06.26-19.57.41:795][  0]LogUObjectArray: CloseDisregardForGC: 0/0 objects in disregard for GC pool
[2017.06.26-19.57.41:935][  0]LogInit: WinSock: version 1.1 (2.2), MaxSocks=32767, MaxUdp=65467
[2017.06.26-19.58.00:282][  0]LogTcpMessaging: Initializing TcpMessaging bridge
[2017.06.26-19.58.00:388][  0]LogUdpMessaging: Initializing bridge on interface 0.0.0.0:0 to multicast group 230.0.0.1:6666.
[2017.06.26-19.58.02:471][  0]LogMaterial: Uniform references updated for custom material expression Custom.
[2017.06.26-19.58.03:735][  0]SourceControl: Info Source control is disabled
[2017.06.26-19.58.03:773][  0]SourceControl: Info Source control is disabled
[2017.06.26-19.58.03:913][  0]SourceControl: Info Source control is disabled
[2017.06.26-19.58.04:066][  0]SourceControl: Info Source control is disabled
[2017.06.26-19.58.05:354][  0]LogLinker:Warning: Can't find file '/Game/ThirdPersonBP/ThirdPersonOverview'
[2017.06.26-19.58.05:354][  0]LogLinker:Warning: Can't find file '/Game/ThirdPersonBP/ThirdPersonOverview'
[2017.06.26-19.58.05:354][  0]LogUObjectGlobals:Warning: Failed to find object 'Class /Game/ThirdPersonBP/ThirdPersonOverview.ThirdPersonOverview_C'
[2017.06.26-19.58.07:240][  0]LogHoudiniEngine: Starting the Houdini Engine module.
[2017.06.26-19.58.07:262][  0]LogHoudiniEngine: Loaded libHAPIL.dll from Registry path C:\Program Files\Side Effects Software\Houdini 16.0.557/bin
[2017.06.26-19.58.07:263][  0]LogLinker:Warning: Asset '../../../Engine/Plugins/Runtime/HoudiniEngine/Content/houdini_logo.uasset' has been saved with empty engine version. The asset will be loaded but may be incompatible.
[2017.06.26-19.58.07:265][  0]LogLinker:Warning: Asset '../../../Engine/Plugins/Runtime/HoudiniEngine/Content/houdini_default_material.uasset' has been saved with empty engine version. The asset will be loaded but may be incompatible.
[2017.06.26-19.58.07:269][  0]LogLinker:Warning: Asset '../../../Engine/Plugins/Runtime/HoudiniEngine/Content/houdini_bgeo_import.uasset' has been saved with empty engine version. The asset will be loaded but may be incompatible.
[2017.06.26-19.58.19:788][  0]LogHoudiniEngine: Successfully intialized the Houdini Engine API module.
[2017.06.26-19.58.21:338][  0]LogEngine: Initializing Engine...
[2017.06.26-19.58.21:343][  0]LogHMD: Failed to initialize OpenVR with code 110
[2017.06.26-19.58.21:994][  0]LogStats: UGameplayTagsManager::ConstructGameplayTagTree: Construct from data asset -  0.000 s
[2017.06.26-19.58.21:996][  0]LogStats: UGameplayTagsManager::ConstructGameplayTagTree: GameplayTagTreeChangedEvent.Broadcast -  0.000 s
[2017.06.26-19.58.22:684][  0]LogAIModule: Creating AISystem for world Untitled
[2017.06.26-19.58.22:838][  0]LogInit: XAudio2 using 'Speakers (Razer Surround Audio Controller)' : 8 channels at 48 kHz using 16 bits per sample (channel mask 0x63f)
[2017.06.26-19.58.22:857][  0]LogInit: FAudioDevice initialized.
[2017.06.26-19.58.22:943][  0]LogDerivedDataCache: Saved boot cache 0.09s 51MB C:/Users/Liam/AppData/Local/UnrealEngine/4.15/DerivedDataCache/Boot.ddc.
[2017.06.26-19.58.22:959][  0]LogInit: Texture streaming: Enabled
[2017.06.26-19.58.23:244][  0]LogEngineSessionManager: EngineSessionManager initialized
[2017.06.26-19.58.23:663][  0]LogInit: Transaction tracking system initialized
[2017.06.26-19.58.27:978][  0]BlueprintLog: New page: Editor Load
[2017.06.26-19.58.32:026][  0]LocalizationService: Info Localization service is disabled
[2017.06.26-19.58.34:975][  0]LogConsoleResponse:Display: 
[2017.06.26-19.58.39:435][  0]LogFileCache: Scanning file cache for directory 'C:/Users/Liam/Documents/Unreal Projects/MainMenu/Content/' took 0.02s
[2017.06.26-19.58.39:435][  0]LogCook:Display: Max memory allowance for cook 16384mb min free memory 0mb
[2017.06.26-19.58.39:435][  0]LogCook:Display: Mobile HDR setting 1
[2017.06.26-19.58.42:431][  0]LogHoudiniEngineEditor: Starting the Houdini Engine Editor module.
[2017.06.26-19.58.45:106][  0]SourceControl: Info Source control is disabled
[2017.06.26-19.58.45:228][  0]Cmd: MAP LOAD FILE="../../../../../../Users/Liam/Documents/Unreal Projects/MainMenu/Content/StarterContent/Maps/Minimal_Default.umap" TEMPLATE=0 SHOWPROGRESS=1 FEATURELEVEL=3
[2017.06.26-19.58.45:308][  0]LightingResults: New page: Lighting Build
[2017.06.26-19.58.45:805][  0]MapCheck: New page: Map Check
[2017.06.26-19.58.45:805][  0]LightingResults: New page: Lighting Build
[2017.06.26-19.58.51:022][  0]LogAIModule: Creating AISystem for world Minimal_Default
[2017.06.26-19.58.51:767][  0]LogEditorServer: Finished looking for orphan Actors (0.000 secs)
[2017.06.26-19.58.51:834][  0]Cmd: MAP CHECKDEP NOCLEARLOG
[2017.06.26-19.58.51:926][  0]MapCheck: Info Map check complete: 0 Error(s), 0 Warning(s), took 91.047ms to complete.
[2017.06.26-19.58.51:926][  0]LogFileHelpers: Loading map 'Minimal_Default' took 6.736
[2017.06.26-19.58.53:968][  0]LogCollectionManager: Loaded 0 collections in 0.005385 seconds
[2017.06.26-19.58.54:225][  0]LogFileCache: Scanning file cache for directory 'C:/Users/Liam/Documents/Unreal Projects/MainMenu/Saved/Collections/' took 0.01s
[2017.06.26-19.58.54:225][  0]LogFileCache: Scanning file cache for directory 'C:/Users/Liam/Documents/Unreal Projects/MainMenu/Content/Developers/Liam/Collections/' took 0.01s
[2017.06.26-19.58.54:225][  0]LogFileCache: Scanning file cache for directory 'C:/Users/Liam/Documents/Unreal Projects/MainMenu/Content/Collections/' took 0.01s
[2017.06.26-19.58.54:225][  0]LogCollectionManager: Rebuilt the GUID cache for 0 collections in 0.000002 seconds
[2017.06.26-19.58.54:249][  0]LogContentBrowser: Native class hierarchy populated in 0.0232 seconds. Added 2281 classes and 461 folders.
[2017.06.26-19.58.54:424][  0]LogContentBrowser: Native class hierarchy updated for 'WidgetCarousel' in 0.0025 seconds. Added 0 classes and 0 folders.
[2017.06.26-19.59.00:165][  0]LogContentBrowser: Native class hierarchy updated for 'AddContentDialog' in 0.0027 seconds. Added 0 classes and 0 folders.
[2017.06.26-19.59.00:685][  0]LogContentBrowser: Native class hierarchy updated for 'SceneOutliner' in 0.0027 seconds. Added 1 classes and 2 folders.
[2017.06.26-19.59.03:877][  0]LogCrashTracker: Crashtracker disabled due to settings.
[2017.06.26-19.59.04:452][  0]LogUObjectGlobals:Warning: Failed to find object 'Class None.'
[2017.06.26-19.59.05:051][  0]LogContentBrowser: Native class hierarchy updated for 'HierarchicalLODOutliner' in 0.0027 seconds. Added 1 classes and 2 folders.
[2017.06.26-19.59.05:051][  0]LogLoad: (Engine Initialization) Total time: 134.36 seconds
[2017.06.26-19.59.05:051][  0]LogLoad: (Engine Initialization) Total Blueprint compile time: 0.57 seconds
[2017.06.26-19.59.05:051][  0]LogExternalProfiler: Found external profiler: VSPerf
[2017.06.26-19.59.05:051][  0]LogExternalProfiler: Using external profiler: VSPerf
[2017.06.26-19.59.05:404][  0]LogOcInput: OculusInput pre-init called
[2017.06.26-19.59.05:710][  0]LogContentStreaming: Texture pool size now 1000 MB
[2017.06.26-19.59.05:923][  0]LogSlate: Took 0.012627 seconds to synchronously load lazily loaded font '../../../Engine/Content/Slate/Fonts/Roboto-Regular.ttf' (155K)
[2017.06.26-19.59.05:984][  0]LogSlate: Took 0.056491 seconds to synchronously load lazily loaded font '../../../Engine/Content/Slate/Fonts/Roboto-Bold.ttf' (160K)
[2017.06.26-19.59.06:093][  0]LogSlate: Took 0.044405 seconds to synchronously load lazily loaded font '../../../Engine/Content/Editor/Slate/Fonts/FontAwesome.ttf' (139K)
[2017.06.26-19.59.07:633][  0]LogRenderer: Reallocating scene render targets to support 1156x552 NumSamples 1 (Frame:2).
[2017.06.26-19.59.08:677][  1]LogSlate: Took 0.136320 seconds to synchronously load lazily loaded font '../../../Engine/Content/Slate/Fonts/Roboto-Light.ttf' (159K)
[2017.06.26-19.59.09:385][  4]LogAssetRegistry: Asset discovery search completed in 87.9501 seconds
[2017.06.26-19.59.09:385][  4]LogCollectionManager: Rebuilt the object cache for 0 collections in 0.000007 seconds (found 0 objects)
[2017.06.26-19.59.09:385][  4]LogCollectionManager: Fixed up redirectors for 0 collections in 0.000025 seconds (updated 0 objects)
[2017.06.26-20.00.51:688][547]LogTemp: Repeting last play command: Selected Viewport
[2017.06.26-20.00.51:703][547]LogBlueprintUserMessages: Early PlayInEditor Detection: Level '/Game/StarterContent/Maps/Minimal_Default.Minimal_Default:PersistentLevel' has LevelScriptBlueprint '/Game/StarterContent/Maps/Minimal_Default.Minimal_Default:PersistentLevel.Minimal_Default' with GeneratedClass '/Game/StarterContent/Maps/Minimal_Default.Minimal_Default_C' with ClassGeneratedBy '/Game/StarterContent/Maps/Minimal_Default.Minimal_Default:PersistentLevel.Minimal_Default'
[2017.06.26-20.00.51:703][547]LogPlayLevel: PlayLevel: No blueprints needed recompiling
[2017.06.26-20.00.51:733][547]PIE: New page: PIE session: Minimal_Default (Jun 26, 2017, 6:00:51 AM)
[2017.06.26-20.00.51:740][547]LogPlayLevel: Creating play world package: /Game/StarterContent/Maps/UEDPIE_0_Minimal_Default
[2017.06.26-20.00.51:790][547]LogPlayLevel: PIE: StaticDuplicateObject took: (0.050102s)
[2017.06.26-20.00.51:791][547]LogAIModule: Creating AISystem for world Minimal_Default
[2017.06.26-20.00.51:791][547]LogPlayLevel: PIE: World Init took: (0.000982s)
[2017.06.26-20.00.51:791][547]LogPlayLevel: PIE: Created PIE world by copying editor world from /Game/StarterContent/Maps/Minimal_Default.Minimal_Default to /Game/StarterContent/Maps/UEDPIE_0_Minimal_Default.Minimal_Default (0.057957s)
[2017.06.26-20.00.51:852][547]LogInit: XAudio2 using 'Speakers (Razer Surround Audio Controller)' : 8 channels at 48 kHz using 16 bits per sample (channel mask 0x63f)
[2017.06.26-20.00.51:861][547]LogInit: FAudioDevice initialized.
[2017.06.26-20.00.52:018][547]LogUObjectGlobals:Warning: Failed to find object 'Class /Script/MainMenu.MainMenuGameMode'
[2017.06.26-20.00.52:018][547]LogLoad: Game class is 'GameModeBase'
[2017.06.26-20.00.52:048][547]LogWorld: Bringing World /Game/StarterContent/Maps/UEDPIE_0_Minimal_Default.Minimal_Default up for play (max tick rate 0) at 2017.06.26-13.00.52
[2017.06.26-20.00.52:055][547]LogWorld: Bringing up level for play took: 0.008378
[2017.06.26-20.00.52:187][547]LogContentBrowser: Native class hierarchy updated for 'MovieSceneCapture' in 0.0028 seconds. Added 11 classes and 0 folders.
[2017.06.26-20.00.52:224][547]PIE: Info Play in editor start time for /Game/StarterContent/Maps/UEDPIE_0_Minimal_Default -0.002
[2017.06.26-20.00.52:227][547]LogBlueprintUserMessages: Late PlayInEditor Detection: Level '/Game/StarterContent/Maps/Minimal_Default.Minimal_Default:PersistentLevel' has LevelScriptBlueprint '/Game/StarterContent/Maps/Minimal_Default.Minimal_Default:PersistentLevel.Minimal_Default' with GeneratedClass '/Game/StarterContent/Maps/Minimal_Default.Minimal_Default_C' with ClassGeneratedBy '/Game/StarterContent/Maps/Minimal_Default.Minimal_Default:PersistentLevel.Minimal_Default'
[2017.06.26-20.00.54:685][816]LogBlueprintUserMessages: Early EndPlayMap Detection: Level '/Game/StarterContent/Maps/Minimal_Default.Minimal_Default:PersistentLevel' has LevelScriptBlueprint '/Game/StarterContent/Maps/Minimal_Default.Minimal_Default:PersistentLevel.Minimal_Default' with GeneratedClass '/Game/StarterContent/Maps/Minimal_Default.Minimal_Default_C' with ClassGeneratedBy '/Game/StarterContent/Maps/Minimal_Default.Minimal_Default:PersistentLevel.Minimal_Default'
[2017.06.26-20.00.54:783][816]LogBlueprintUserMessages: Late EndPlayMap Detection: Level '/Game/StarterContent/Maps/Minimal_Default.Minimal_Default:PersistentLevel' has LevelScriptBlueprint '/Game/StarterContent/Maps/Minimal_Default.Minimal_Default:PersistentLevel.Minimal_Default' with GeneratedClass '/Game/StarterContent/Maps/Minimal_Default.Minimal_Default_C' with ClassGeneratedBy '/Game/StarterContent/Maps/Minimal_Default.Minimal_Default:PersistentLevel.Minimal_Default'
[2017.06.26-20.00.56:466][  6]LogTemp: Repeting last play command: Selected Viewport
[2017.06.26-20.00.56:481][  6]LogBlueprintUserMessages: Early PlayInEditor Detection: Level '/Game/StarterContent/Maps/Minimal_Default.Minimal_Default:PersistentLevel' has LevelScriptBlueprint '/Game/StarterContent/Maps/Minimal_Default.Minimal_Default:PersistentLevel.Minimal_Default' with GeneratedClass '/Game/StarterContent/Maps/Minimal_Default.Minimal_Default_C' with ClassGeneratedBy '/Game/StarterContent/Maps/Minimal_Default.Minimal_Default:PersistentLevel.Minimal_Default'
[2017.06.26-20.00.56:482][  6]LogPlayLevel: PlayLevel: No blueprints needed recompiling
[2017.06.26-20.00.56:482][  6]PIE: New page: PIE session: Minimal_Default (Jun 26, 2017, 6:00:56 AM)
[2017.06.26-20.00.56:482][  6]LogPlayLevel: Creating play world package: /Game/StarterContent/Maps/UEDPIE_0_Minimal_Default
[2017.06.26-20.00.56:491][  6]LogPlayLevel: PIE: StaticDuplicateObject took: (0.008801s)
[2017.06.26-20.00.56:491][  6]LogAIModule: Creating AISystem for world Minimal_Default
[2017.06.26-20.00.56:492][  6]LogPlayLevel: PIE: World Init took: (0.000930s)
[2017.06.26-20.00.56:492][  6]LogPlayLevel: PIE: Created PIE world by copying editor world from /Game/StarterContent/Maps/Minimal_Default.Minimal_Default to /Game/StarterContent/Maps/UEDPIE_0_Minimal_Default.Minimal_Default (0.009951s)
[2017.06.26-20.00.56:550][  6]LogInit: XAudio2 using 'Speakers (Razer Surround Audio Controller)' : 8 channels at 48 kHz using 16 bits per sample (channel mask 0x63f)
[2017.06.26-20.00.56:558][  6]LogInit: FAudioDevice initialized.
[2017.06.26-20.00.56:589][  6]LogLoad: Game class is 'GameModeBase'
[2017.06.26-20.00.56:592][  6]LogWorld: Bringing World /Game/StarterContent/Maps/UEDPIE_0_Minimal_Default.Minimal_Default up for play (max tick rate 0) at 2017.06.26-13.00.56
[2017.06.26-20.00.56:592][  6]LogWorld: Bringing up level for play took: 0.001224
[2017.06.26-20.00.56:594][  6]PIE: Info Play in editor start time for /Game/StarterContent/Maps/UEDPIE_0_Minimal_Default 0.368
[2017.06.26-20.00.56:594][  6]LogBlueprintUserMessages: Late PlayInEditor Detection: Level '/Game/StarterContent/Maps/Minimal_Default.Minimal_Default:PersistentLevel' has LevelScriptBlueprint '/Game/StarterContent/Maps/Minimal_Default.Minimal_Default:PersistentLevel.Minimal_Default' with GeneratedClass '/Game/StarterContent/Maps/Minimal_Default.Minimal_Default_C' with ClassGeneratedBy '/Game/StarterContent/Maps/Minimal_Default.Minimal_Default:PersistentLevel.Minimal_Default'
[2017.06.26-20.00.57:420][ 99]LogNet: Browse: /Game/StarterContent/Maps/StarterMap
[2017.06.26-20.00.57:420][ 99]LogLoad: LoadMap: /Game/StarterContent/Maps/StarterMap
[2017.06.26-20.00.57:451][ 99]Cmd: MEM
[2017.06.26-20.00.57:498][ 99]LogMemory: Platform Memory Stats for Windows
[2017.06.26-20.00.57:498][ 99]LogMemory: Process Physical Memory: 1195.04 MB used, 1195.04 MB peak
[2017.06.26-20.00.57:498][ 99]LogMemory: Process Virtual Memory: 1488.17 MB used, 1492.75 MB peak
[2017.06.26-20.00.57:498][ 99]LogMemory: Physical Memory: 5664.38 MB used,  10666.62 MB free, 16331.00 MB total
[2017.06.26-20.00.57:498][ 99]LogMemory: Virtual Memory: 2505.86 MB used,  10666.62 MB free, 134217728.00 MB total
[2017.06.26-20.00.57:498][ 99]LogMemory: 
[2017.06.26-20.00.57:498][ 99]Allocator Stats for TBB: (not implemented)
[2017.06.26-20.01.10:337][ 99]LogAIModule: Creating AISystem for world StarterMap
[2017.06.26-20.01.10:338][ 99]LogLoad: Game class is 'GameModeBase'
[2017.06.26-20.01.10:358][ 99]LogWorld: Bringing World /Game/StarterContent/Maps/UEDPIE_0_StarterMap.StarterMap up for play (max tick rate 0) at 2017.06.26-13.01.10
[2017.06.26-20.01.10:378][ 99]LogWorld: Bringing up level for play took: 0.037941
[2017.06.26-20.01.10:381][ 99]LogLoad: Took 12.960713 seconds to LoadMap(/Game/StarterContent/Maps/StarterMap)
[2017.06.26-20.01.17:798][901]LogBlueprintUserMessages: Early EndPlayMap Detection: Level '/Game/StarterContent/Maps/Minimal_Default.Minimal_Default:PersistentLevel' has LevelScriptBlueprint '/Game/StarterContent/Maps/Minimal_Default.Minimal_Default:PersistentLevel.Minimal_Default' with GeneratedClass '/Game/StarterContent/Maps/Minimal_Default.Minimal_Default_C' with ClassGeneratedBy '/Game/StarterContent/Maps/Minimal_Default.Minimal_Default:PersistentLevel.Minimal_Default'
[2017.06.26-20.01.17:839][901]LogBlueprintUserMessages: Late EndPlayMap Detection: Level '/Game/StarterContent/Maps/Minimal_Default.Minimal_Default:PersistentLevel' has LevelScriptBlueprint '/Game/StarterContent/Maps/Minimal_Default.Minimal_Default:PersistentLevel.Minimal_Default' with GeneratedClass '/Game/StarterContent/Maps/Minimal_Default.Minimal_Default_C' with ClassGeneratedBy '/Game/StarterContent/Maps/Minimal_Default.Minimal_Default:PersistentLevel.Minimal_Default'
[2017.06.26-20.01.20:926][239]LogWindowsTextInputMethodSystem:Display: IME system now deactivated.
[2017.06.26-20.01.21:211][240]Cmd: QUIT_EDITOR
[2017.06.26-20.01.21:481][240]LogExit: Preparing to exit.
[2017.06.26-20.01.22:614][240]LogDirectoryWatcher: A directory notification for 'C:/Users/Liam/Documents/Unreal Projects/MainMenu/Content/' was aborted.
[2017.06.26-20.01.22:660][240]LogHoudiniEngine: HAPI Synchronous Deletion of  Started. HoudiniAsset = 0x0, 
[2017.06.26-20.01.22:713][240]LogExit: Editor shut down
[2017.06.26-20.01.22:713][240]LogExit: Transaction tracking system shut down
[2017.06.26-20.01.23:171][240]LogObj: Freed 0b from 0 cluster array pools.
[2017.06.26-20.01.23:171][240]LogExit: Object subsystem successfully closed.
[2017.06.26-20.01.23:230][240]LogD3D11RHI: Shutdown
[2017.06.26-20.01.23:230][240]LogD3D11RHI: CleanupD3DDevice
[2017.06.26-20.01.23:377][240]LogD3D11RHI: ~FD3D11DynamicRHI
[2017.06.26-20.01.23:515][240]LogModuleManager: Shutting down and abandoning module MovieSceneCapture (506)
[2017.06.26-20.01.23:515][240]LogModuleManager: Shutting down and abandoning module HierarchicalLODOutliner (504)
[2017.06.26-20.01.23:515][240]LogModuleManager: Shutting down and abandoning module CrashTracker (502)
[2017.06.26-20.01.23:515][240]LogModuleManager: Shutting down and abandoning module SceneOutliner (500)
[2017.06.26-20.01.23:515][240]LogModuleManager: Shutting down and abandoning module AddContentDialog (498)
[2017.06.26-20.01.23:515][240]LogDirectoryWatcher: A directory notification for 'C:/Program Files/Epic Games/UE_4.15/FeaturePacks/' was aborted.
[2017.06.26-20.01.23:516][240]LogModuleManager: Shutting down and abandoning module WidgetCarousel (497)
[2017.06.26-20.01.23:516][240]LogModuleManager: Shutting down and abandoning module EditorWidgets (494)
[2017.06.26-20.01.23:516][240]LogModuleManager: Shutting down and abandoning module CollectionManager (492)
[2017.06.26-20.01.23:516][240]LogDirectoryWatcher: A directory notification for 'C:/Users/Liam/Documents/Unreal Projects/MainMenu/Content/Collections/' was aborted.
[2017.06.26-20.01.23:516][240]LogDirectoryWatcher: A directory notification for 'C:/Users/Liam/Documents/Unreal Projects/MainMenu/Content/Developers/Liam/Collections/' was aborted.
[2017.06.26-20.01.23:517][240]LogDirectoryWatcher: A directory notification for 'C:/Users/Liam/Documents/Unreal Projects/MainMenu/Saved/Collections/' was aborted.
[2017.06.26-20.01.23:517][240]LogModuleManager: Shutting down and abandoning module StatsViewer (490)
[2017.06.26-20.01.23:517][240]LogModuleManager: Shutting down and abandoning module FoliageEdit (488)
[2017.06.26-20.01.23:517][240]LogModuleManager: Shutting down and abandoning module LandscapeEditor (486)
[2017.06.26-20.01.23:517][240]LogModuleManager: Shutting down and abandoning module SceneDepthPickerMode (484)
[2017.06.26-20.01.23:517][240]LogModuleManager: Shutting down and abandoning module ActorPickerMode (482)
[2017.06.26-20.01.23:517][240]LogModuleManager: Shutting down and abandoning module GeometryMode (480)
[2017.06.26-20.01.23:517][240]LogModuleManager: Shutting down and abandoning module TextureAlignMode (478)
[2017.06.26-20.01.23:517][240]LogModuleManager: Shutting down and abandoning module BspMode (476)
[2017.06.26-20.01.23:517][240]LogModuleManager: Shutting down and abandoning module HardwareSurvey (474)
[2017.06.26-20.01.23:517][240]LogModuleManager: Shutting down and abandoning module SequenceRecorderSections (472)
[2017.06.26-20.01.23:517][240]LogModuleManager: Shutting down and abandoning module AutomationWorker (470)
[2017.06.26-20.01.23:517][240]LogModuleManager: Shutting down and abandoning module HoudiniEngineEditor (468)
[2017.06.26-20.01.23:517][240]LogHoudiniEngineEditor: Shutting down the Houdini Engine Editor module.
[2017.06.26-20.01.23:517][240]LogModuleManager: Shutting down and abandoning module MatineeToLevelSequence (466)
[2017.06.26-20.01.23:517][240]LogModuleManager: Shutting down and abandoning module LevelSequenceEditor (464)
[2017.06.26-20.01.23:524][240]LogModuleManager: Shutting down and abandoning module PlacementMode (463)
[2017.06.26-20.01.23:524][240]LogModuleManager: Shutting down and abandoning module WmfMediaFactory (460)
[2017.06.26-20.01.23:524][240]LogModuleManager: Shutting down and abandoning module WmfMediaEditor (458)
[2017.06.26-20.01.23:524][240]LogModuleManager: Shutting down and abandoning module MfMediaFactory (456)
[2017.06.26-20.01.23:524][240]LogModuleManager: Shutting down and abandoning module MfMediaEditor (454)
[2017.06.26-20.01.23:524][240]LogModuleManager: Shutting down and abandoning module AvfMediaFactory (452)
[2017.06.26-20.01.23:524][240]LogModuleManager: Shutting down and abandoning module AvfMediaEditor (450)
[2017.06.26-20.01.23:524][240]LogModuleManager: Shutting down and abandoning module AndroidMediaFactory (448)
[2017.06.26-20.01.23:524][240]LogModuleManager: Shutting down and abandoning module Media (447)
[2017.06.26-20.01.23:525][240]LogModuleManager: Shutting down and abandoning module AndroidMediaEditor (444)
[2017.06.26-20.01.23:525][240]LogModuleManager: Shutting down and abandoning module CharacterAI (442)
[2017.06.26-20.01.23:525][240]LogModuleManager: Shutting down and abandoning module AudioCapture (440)
[2017.06.26-20.01.23:525][240]LogModuleManager: Shutting down and abandoning module SequenceRecorder (439)
[2017.06.26-20.01.23:525][240]LogModuleManager: Shutting down and abandoning module SmartSnapping (436)
[2017.06.26-20.01.23:525][240]LogModuleManager: Shutting down and abandoning module SessionServices (434)
[2017.06.26-20.01.23:525][240]LogModuleManager: Shutting down and abandoning module ViewportSnapping (432)
[2017.06.26-20.01.23:525][240]LogModuleManager: Shutting down and abandoning module ViewportInteraction (430)
[2017.06.26-20.01.23:525][240]LogModuleManager: Shutting down and abandoning module LogVisualizer (428)
[2017.06.26-20.01.23:533][240]LogModuleManager: Shutting down and abandoning module IntroTutorials (426)
[2017.06.26-20.01.23:540][240]LogModuleManager: Shutting down and abandoning module GameProjectGeneration (425)
[2017.06.26-20.01.23:541][240]LogModuleManager: Shutting down and abandoning module EditorLiveStreaming (422)
[2017.06.26-20.01.23:541][240]LogModuleManager: Shutting down and abandoning module IOSPlatformEditor (420)
[2017.06.26-20.01.23:541][240]LogModuleManager: Shutting down and abandoning module HTML5PlatformEditor (418)
[2017.06.26-20.01.23:541][240]LogModuleManager: Shutting down and abandoning module AndroidPlatformEditor (416)
[2017.06.26-20.01.23:541][240]LogModuleManager: Shutting down and abandoning module AndroidDeviceDetection (415)
[2017.06.26-20.01.24:226][240]LogModuleManager: Shutting down and abandoning module IOSRuntimeSettings (412)
[2017.06.26-20.01.24:226][240]LogModuleManager: Shutting down and abandoning module AndroidRuntimeSettings (410)
[2017.06.26-20.01.24:226][240]LogModuleManager: Shutting down and abandoning module InputBindingEditor (408)
[2017.06.26-20.01.24:226][240]LogModuleManager: Shutting down and abandoning module NiagaraEditor (406)
[2017.06.26-20.01.24:246][240]LogModuleManager: Shutting down and abandoning module MergeActors (404)
[2017.06.26-20.01.24:252][240]LogModuleManager: Shutting down and abandoning module SizeMap (402)
[2017.06.26-20.01.24:252][240]LogModuleManager: Shutting down and abandoning module TreeMap (400)
[2017.06.26-20.01.24:252][240]LogModuleManager: Shutting down and abandoning module ReferenceViewer (398)
[2017.06.26-20.01.24:252][240]LogModuleManager: Shutting down and abandoning module LocalizationDashboard (396)
[2017.06.26-20.01.24:258][240]LogModuleManager: Shutting down and abandoning module LocalizationService (395)
[2017.06.26-20.01.24:268][240]LogModuleManager: Shutting down and abandoning module HardwareTargeting (392)
[2017.06.26-20.01.24:268][240]LogModuleManager: Shutting down and abandoning module DeviceProfileEditor (390)
[2017.06.26-20.01.24:274][240]LogModuleManager: Shutting down and abandoning module UndoHistory (388)
[2017.06.26-20.01.24:274][240]LogModuleManager: Shutting down and abandoning module UserFeedback (386)
[2017.06.26-20.01.24:274][240]LogModuleManager: Shutting down and abandoning module XmlParser (384)
[2017.06.26-20.01.24:274][240]LogModuleManager: Shutting down and abandoning module Blutility (382)
[2017.06.26-20.01.24:274][240]LogModuleManager: Shutting down and abandoning module ProjectSettingsViewer (380)
[2017.06.26-20.01.24:274][240]LogModuleManager: Shutting down and abandoning module ProjectTargetPlatformEditor (379)
[2017.06.26-20.01.24:274][240]LogModuleManager: Shutting down and abandoning module EditorSettingsViewer (376)
[2017.06.26-20.01.24:274][240]LogModuleManager: Shutting down and abandoning module SettingsEditor (374)
[2017.06.26-20.01.24:274][240]LogModuleManager: Shutting down and abandoning module ProjectLauncher (372)
[2017.06.26-20.01.24:287][240]LogModuleManager: Shutting down and abandoning module SessionFrontend (370)
[2017.06.26-20.01.24:294][240]LogModuleManager: Shutting down and abandoning module ProfilerClient (368)
[2017.06.26-20.01.24:312][240]LogModuleManager: Shutting down and abandoning module DeviceManager (366)
[2017.06.26-20.01.24:319][240]LogModuleManager: Shutting down and abandoning module TargetDeviceServices (365)
[2017.06.26-20.01.24:362][240]LogModuleManager: Shutting down and abandoning module AutomationController (362)
[2017.06.26-20.01.24:362][240]LogModuleManager: Shutting down and abandoning module AutomationWindow (360)
[2017.06.26-20.01.24:378][240]LogModuleManager: Shutting down and abandoning module Layers (358)
[2017.06.26-20.01.24:408][240]LogModuleManager: Shutting down and abandoning module ComponentVisualizers (356)
[2017.06.26-20.01.24:408][240]LogModuleManager: Shutting down and abandoning module DetailCustomizations (354)
[2017.06.26-20.01.24:408][240]LogModuleManager: Shutting down and abandoning module PackagesDialog (352)
[2017.06.26-20.01.24:408][240]LogModuleManager: Shutting down and abandoning module Persona (350)
[2017.06.26-20.01.24:418][240]LogModuleManager: Shutting down and abandoning module AnimGraph (349)
[2017.06.26-20.01.24:418][240]LogModuleManager: Shutting down and abandoning module Kismet (346)
[2017.06.26-20.01.24:418][240]LogModuleManager: Shutting down and abandoning module GraphEditor (344)
[2017.06.26-20.01.24:466][240]LogModuleManager: Shutting down and abandoning module ClassViewer (342)
[2017.06.26-20.01.24:466][240]LogModuleManager: Shutting down and abandoning module Toolbox (340)
[2017.06.26-20.01.24:466][240]LogModuleManager: Shutting down and abandoning module ModuleUI (338)
[2017.06.26-20.01.24:474][240]LogModuleManager: Shutting down and abandoning module MovieSceneTools (336)
[2017.06.26-20.01.24:486][240]LogModuleManager: Shutting down and abandoning module OutputLog (334)
[2017.06.26-20.01.24:486][240]LogModuleManager: Shutting down and abandoning module GammaUI (332)
[2017.06.26-20.01.24:486][240]LogModuleManager: Shutting down and abandoning module Documentation (330)
[2017.06.26-20.01.24:486][240]LogModuleManager: Shutting down and abandoning module Niagara (328)
[2017.06.26-20.01.24:486][240]LogModuleManager: Shutting down and abandoning module StreamingPauseRendering (326)
[2017.06.26-20.01.24:486][240]LogModuleManager: Shutting down and abandoning module AnalyticsET (324)
[2017.06.26-20.01.24:486][240]LogModuleManager: Shutting down and abandoning module PortalServices (322)
[2017.06.26-20.01.24:486][240]LogModuleManager: Shutting down and abandoning module PortalRpc (320)
[2017.06.26-20.01.24:486][240]LogModuleManager: Shutting down and abandoning module MessagingRpc (318)
[2017.06.26-20.01.24:486][240]LogModuleManager: Shutting down and abandoning module AIModule (316)
[2017.06.26-20.01.24:486][240]LogModuleManager: Shutting down and abandoning module GameplayDebugger (315)
[2017.06.26-20.01.24:486][240]LogModuleManager: Shutting down and abandoning module AITestSuite (313)
[2017.06.26-20.01.24:486][240]LogModuleManager: Shutting down and abandoning module ProfilerService (310)
[2017.06.26-20.01.24:546][240]LogModuleManager: Shutting down and abandoning module TaskGraph (308)
[2017.06.26-20.01.24:570][240]LogModuleManager: Shutting down and abandoning module SteamVRController (306)
[2017.06.26-20.01.24:570][240]LogModuleManager: Shutting down and abandoning module SteamVR (304)
[2017.06.26-20.01.24:570][240]LogModuleManager: Shutting down and abandoning module ProceduralMeshComponentEditor (302)
[2017.06.26-20.01.24:570][240]LogModuleManager: Shutting down and abandoning module ProceduralMeshComponent (300)
[2017.06.26-20.01.24:570][240]LogModuleManager: Shutting down and abandoning module OculusLibrary (298)
[2017.06.26-20.01.24:570][240]LogModuleManager: Shutting down and abandoning module OculusInput (296)
[2017.06.26-20.01.24:570][240]LogModuleManager: Shutting down and abandoning module MobilePatchingUtils (294)
[2017.06.26-20.01.24:570][240]LogModuleManager: Shutting down and abandoning module HoudiniEngineRuntime (292)
[2017.06.26-20.01.24:570][240]LogHoudiniEngine: Shutting down the Houdini Engine module.
[2017.06.26-20.01.24:577][240]LogModuleManager: Shutting down and abandoning module CustomMeshComponent (290)
[2017.06.26-20.01.24:577][240]LogModuleManager: Shutting down and abandoning module CableComponent (288)
[2017.06.26-20.01.24:577][240]LogModuleManager: Shutting down and abandoning module ArchVisCharacter (286)
[2017.06.26-20.01.24:577][240]LogModuleManager: Shutting down and abandoning module MediaPlayerEditor (282)
[2017.06.26-20.01.24:590][240]LogModuleManager: Shutting down and abandoning module HTML5Networking (280)
[2017.06.26-20.01.24:591][240]LogModuleManager: Shutting down and abandoning module AlembicImporter (278)
[2017.06.26-20.01.24:591][240]LogModuleManager: Shutting down and abandoning module AlembicLibrary (277)
[2017.06.26-20.01.24:591][240]LogModuleManager: Shutting down and abandoning module GeometryCache (276)
[2017.06.26-20.01.24:591][240]LogModuleManager: Shutting down and abandoning module GeometryCacheEd (275)
[2017.06.26-20.01.24:591][240]LogModuleManager: Shutting down and abandoning module SuperSearchEditor (270)
[2017.06.26-20.01.24:591][240]LogModuleManager: Shutting down and abandoning module SuperSearch (269)
[2017.06.26-20.01.24:591][240]LogModuleManager: Shutting down and abandoning module SpeedTreeImporter (266)
[2017.06.26-20.01.24:591][240]LogModuleManager: Shutting down and abandoning module PluginBrowser (264)
[2017.06.26-20.01.24:600][240]LogModuleManager: Shutting down and abandoning module MobileLauncherProfileWizard (262)
[2017.06.26-20.01.24:610][240]LogModuleManager: Shutting down and abandoning module EpicSurvey (260)
[2017.06.26-20.01.24:610][240]LogModuleManager: Shutting down and abandoning module VisualStudioSourceCodeAccess (258)
[2017.06.26-20.01.24:610][240]LogModuleManager: Shutting down and abandoning module DesktopPlatform (257)
[2017.06.26-20.01.24:610][240]LogModuleManager: Shutting down and abandoning module UObjectPlugin (254)
[2017.06.26-20.01.24:610][240]LogModuleManager: Shutting down and abandoning module SubversionSourceControl (252)
[2017.06.26-20.01.24:610][240]LogModuleManager: Shutting down and abandoning module PerforceSourceControl (250)
[2017.06.26-20.01.24:614][240]LogModuleManager: Shutting down and abandoning module GitSourceControl (248)
[2017.06.26-20.01.24:614][240]LogModuleManager: Shutting down and abandoning module SourceControl (247)
[2017.06.26-20.01.24:619][240]LogModuleManager: Shutting down and abandoning module LightPropagationVolumeEditor (244)
[2017.06.26-20.01.24:619][240]LogModuleManager: Shutting down and abandoning module PaperTiledImporter (242)
[2017.06.26-20.01.24:619][240]LogModuleManager: Shutting down and abandoning module PaperSpriteSheetImporter (240)
[2017.06.26-20.01.24:619][240]LogModuleManager: Shutting down and abandoning module Paper2DEditor (238)
[2017.06.26-20.01.24:629][240]LogModuleManager: Shutting down and abandoning module MeshPaint (237)
[2017.06.26-20.01.24:629][240]LogModuleManager: Shutting down and abandoning module LevelEditor (235)
[2017.06.26-20.01.24:630][240]LogModuleManager: Shutting down and abandoning module PixelInspectorModule (234)
[2017.06.26-20.01.24:630][240]LogModuleManager: Shutting down and abandoning module MainFrame (232)
[2017.06.26-20.01.24:630][240]LogModuleManager: Shutting down and abandoning module HotReload (231)
[2017.06.26-20.01.24:630][240]LogDirectoryWatcher: A directory notification for 'C:/Users/Liam/Documents/Unreal Projects/MainMenu/Binaries/Win64' was aborted.
[2017.06.26-20.01.24:630][240]LogModuleManager: Shutting down and abandoning module ContentBrowser (227)
[2017.06.26-20.01.24:631][240]LogModuleManager: Shutting down and abandoning module MainMenu (224)
[2017.06.26-20.01.24:631][240]LogModuleManager: Shutting down and abandoning module PhysXVehiclesEditor (222)
[2017.06.26-20.01.24:631][240]LogModuleManager: Shutting down and abandoning module PhysXVehicles (220)
[2017.06.26-20.01.24:631][240]LogModuleManager: Shutting down and abandoning module LocationServicesBPLibrary (218)
[2017.06.26-20.01.24:631][240]LogModuleManager: Shutting down and abandoning module UdpMessaging (216)
[2017.06.26-20.01.24:732][240]LogModuleManager: Shutting down and abandoning module TcpMessaging (214)
[2017.06.26-20.01.24:833][240]LogModuleManager: Shutting down and abandoning module GameplayTagsEditor (212)
[2017.06.26-20.01.24:852][240]LogModuleManager: Shutting down and abandoning module FacialAnimationEditor (210)
[2017.06.26-20.01.24:856][240]LogModuleManager: Shutting down and abandoning module FacialAnimation (208)
[2017.06.26-20.01.24:856][240]LogModuleManager: Shutting down and abandoning module LightPropagationVolumeRuntime (206)
[2017.06.26-20.01.24:856][240]LogModuleManager: Shutting down and abandoning module Paper2D (204)
[2017.06.26-20.01.24:859][240]LogModuleManager: Shutting down and abandoning module WindowsMoviePlayer (202)
[2017.06.26-20.01.24:859][240]LogModuleManager: Shutting down and abandoning module WmfMedia (200)
[2017.06.26-20.01.24:859][240]LogModuleManager: Shutting down and abandoning module MfMedia (198)
[2017.06.26-20.01.24:859][240]LogModuleManager: Shutting down and abandoning module MediaAssets (196)
[2017.06.26-20.01.24:859][240]LogModuleManager: Shutting down and abandoning module GameLiveStreaming (194)
[2017.06.26-20.01.24:859][240]LogModuleManager: Shutting down and abandoning module VREditor (192)
[2017.06.26-20.01.24:859][240]LogModuleManager: Shutting down and abandoning module GameplayTasksEditor (190)
[2017.06.26-20.01.24:859][240]LogModuleManager: Shutting down and abandoning module BehaviorTreeEditor (188)
[2017.06.26-20.01.24:870][240]LogModuleManager: Shutting down and abandoning module FunctionalTesting (186)
[2017.06.26-20.01.24:870][240]LogModuleManager: Shutting down and abandoning module CollisionAnalyzer (184)
[2017.06.26-20.01.24:873][240]LogModuleManager: Shutting down and abandoning module UMG (182)
[2017.06.26-20.01.24:873][240]LogModuleManager: Shutting down and abandoning module UMGEditor (181)
[2017.06.26-20.01.24:873][240]LogModuleManager: Shutting down and abandoning module Sequencer (180)
[2017.06.26-20.01.24:878][240]LogModuleManager: Shutting down and abandoning module AssetTools (178)
[2017.06.26-20.01.24:910][240]LogModuleManager: Shutting down and abandoning module MessageLog (177)
[2017.06.26-20.01.24:910][240]LogModuleManager: Shutting down and abandoning module WorkspaceMenuStructure (176)
[2017.06.26-20.01.24:910][240]LogModuleManager: Shutting down and abandoning module SlateReflector (170)
[2017.06.26-20.01.24:940][240]LogModuleManager: Shutting down and abandoning module Slate (168)
[2017.06.26-20.01.24:940][240]LogModuleManager: Shutting down and abandoning module EditorStyle (166)
[2017.06.26-20.01.24:943][240]LogModuleManager: Shutting down and abandoning module SourceCodeAccess (164)
[2017.06.26-20.01.24:944][240]LogModuleManager: Shutting down and abandoning module HeadMountedDisplay (162)
[2017.06.26-20.01.24:944][240]LogModuleManager: Shutting down and abandoning module XAudio2 (160)
[2017.06.26-20.01.24:944][240]LogModuleManager: Shutting down and abandoning module Networking (158)
[2017.06.26-20.01.24:944][240]LogModuleManager: Shutting down and abandoning module Core (154)
[2017.06.26-20.01.24:944][240]LogModuleManager: Shutting down and abandoning module AssetRegistry (152)
[2017.06.26-20.01.25:132][240]LogDirectoryWatcher: A directory notification for '../../../Engine/Content/' was aborted.
[2017.06.26-20.01.25:132][240]LogDirectoryWatcher: A directory notification for '../../../../../../Users/Liam/Documents/Unreal Projects/MainMenu/Content/' was aborted.
[2017.06.26-20.01.25:132][240]LogDirectoryWatcher: A directory notification for '../../../Engine/Plugins/2D/Paper2D/Content/' was aborted.
[2017.06.26-20.01.25:132][240]LogDirectoryWatcher: A directory notification for '../../../Engine/Plugins/Runtime/HoudiniEngine/Content/' was aborted.
[2017.06.26-20.01.25:132][240]LogModuleManager: Shutting down and abandoning module DirectoryWatcher (151)
[2017.06.26-20.01.25:133][240]LogModuleManager: Shutting down and abandoning module KismetCompiler (148)
[2017.06.26-20.01.25:133][240]LogModuleManager: Shutting down and abandoning module PhysXFormats (146)
[2017.06.26-20.01.25:133][240]LogModuleManager: Shutting down and abandoning module MeshUtilities (144)
[2017.06.26-20.01.25:133][240]LogModuleManager: Shutting down and abandoning module SimplygonSwarm (143)
[2017.06.26-20.01.25:133][240]LogModuleManager: Shutting down and abandoning module SimplygonMeshReduction (141)
[2017.06.26-20.01.25:133][240]LogModuleManager: Shutting down and abandoning module QuadricMeshReduction (139)
[2017.06.26-20.01.25:133][240]LogModuleManager: Shutting down and abandoning module PropertyEditor (137)
[2017.06.26-20.01.25:133][240]LogModuleManager: Shutting down and abandoning module DerivedDataCache (134)
[2017.06.26-20.01.25:219][240]LogDerivedDataCache: Shutdown
[2017.06.26-20.01.25:219][240]LogModuleManager: Shutting down and abandoning module TargetPlatform (132)
[2017.06.26-20.01.25:219][240]LogModuleManager: Shutting down and abandoning module VulkanShaderFormat (131)
[2017.06.26-20.01.25:219][240]LogModuleManager: Shutting down and abandoning module ShaderFormatOpenGL (129)
[2017.06.26-20.01.25:229][240]LogModuleManager: Shutting down and abandoning module ShaderFormatD3D (127)
[2017.06.26-20.01.25:229][240]LogModuleManager: Shutting down and abandoning module MetalShaderFormat (125)
[2017.06.26-20.01.25:237][240]LogModuleManager: Shutting down and abandoning module TextureFormatUncompressed (123)
[2017.06.26-20.01.25:237][240]LogModuleManager: Shutting down and abandoning module TextureFormatPVR (121)
[2017.06.26-20.01.25:237][240]LogModuleManager: Shutting down and abandoning module TextureFormatDXT (119)
[2017.06.26-20.01.25:237][240]LogModuleManager: Shutting down and abandoning module TextureFormatIntelISPCTexComp (117)
[2017.06.26-20.01.25:237][240]LogModuleManager: Shutting down and abandoning module TextureFormatASTC (115)
[2017.06.26-20.01.25:237][240]LogModuleManager: Shutting down and abandoning module ImageWrapper (114)
[2017.06.26-20.01.25:237][240]LogModuleManager: Shutting down and abandoning module TextureFormatAndroid (111)
[2017.06.26-20.01.25:237][240]LogModuleManager: Shutting down and abandoning module AudioFormatOpus (109)
[2017.06.26-20.01.25:237][240]LogModuleManager: Shutting down and abandoning module AudioFormatOgg (107)
[2017.06.26-20.01.25:237][240]LogModuleManager: Shutting down and abandoning module AudioFormatADPCM (105)
[2017.06.26-20.01.25:237][240]LogModuleManager: Shutting down and abandoning module LinuxTargetPlatform (103)
[2017.06.26-20.01.25:237][240]LogModuleManager: Shutting down and abandoning module LinuxServerTargetPlatform (101)
[2017.06.26-20.01.25:237][240]LogModuleManager: Shutting down and abandoning module LinuxNoEditorTargetPlatform (99)
[2017.06.26-20.01.25:237][240]LogModuleManager: Shutting down and abandoning module LinuxClientTargetPlatform (97)
[2017.06.26-20.01.25:237][240]LogModuleManager: Shutting down and abandoning module TVOSTargetPlatform (95)
[2017.06.26-20.01.25:237][240]LogModuleManager: Shutting down and abandoning module Messaging (93)
[2017.06.26-20.01.25:237][240]LogModuleManager: Shutting down and abandoning module IOSTargetPlatform (91)
[2017.06.26-20.01.25:237][240]LogModuleManager: Shutting down and abandoning module HTML5TargetPlatform (89)
[2017.06.26-20.01.25:237][240]LogModuleManager: Shutting down and abandoning module Android_PVRTCTargetPlatform (87)
[2017.06.26-20.01.25:237][240]LogModuleManager: Shutting down and abandoning module Android_MultiTargetPlatform (85)
[2017.06.26-20.01.25:237][240]LogModuleManager: Shutting down and abandoning module Android_ETC2TargetPlatform (83)
[2017.06.26-20.01.25:237][240]LogModuleManager: Shutting down and abandoning module Android_ETC1TargetPlatform (81)
[2017.06.26-20.01.25:237][240]LogModuleManager: Shutting down and abandoning module Android_DXTTargetPlatform (79)
[2017.06.26-20.01.25:237][240]LogModuleManager: Shutting down and abandoning module Android_ATCTargetPlatform (77)
[2017.06.26-20.01.25:237][240]LogModuleManager: Shutting down and abandoning module Android_ASTCTargetPlatform (75)
[2017.06.26-20.01.25:237][240]LogModuleManager: Shutting down and abandoning module AndroidTargetPlatform (73)
[2017.06.26-20.01.25:237][240]LogModuleManager: Shutting down and abandoning module WindowsTargetPlatform (71)
[2017.06.26-20.01.25:237][240]LogModuleManager: Shutting down and abandoning module WindowsServerTargetPlatform (69)
[2017.06.26-20.01.25:237][240]LogModuleManager: Shutting down and abandoning module WindowsNoEditorTargetPlatform (67)
[2017.06.26-20.01.25:237][240]LogModuleManager: Shutting down and abandoning module WindowsClientTargetPlatform (65)
[2017.06.26-20.01.25:237][240]LogModuleManager: Shutting down and abandoning module MacTargetPlatform (63)
[2017.06.26-20.01.25:237][240]LogModuleManager: Shutting down and abandoning module MacServerTargetPlatform (61)
[2017.06.26-20.01.25:237][240]LogModuleManager: Shutting down and abandoning module MacNoEditorTargetPlatform (59)
[2017.06.26-20.01.25:237][240]LogModuleManager: Shutting down and abandoning module MacClientTargetPlatform (57)
[2017.06.26-20.01.25:237][240]LogModuleManager: Shutting down and abandoning module AllDesktopTargetPlatform (55)
[2017.06.26-20.01.25:237][240]LogModuleManager: Shutting down and abandoning module InputCore (52)
[2017.06.26-20.01.25:237][240]LogModuleManager: Shutting down and abandoning module Settings (50)
[2017.06.26-20.01.25:237][240]LogModuleManager: Shutting down and abandoning module OculusRift (48)
[2017.06.26-20.01.25:237][240]LogModuleManager: Shutting down and abandoning module GearVR (46)
[2017.06.26-20.01.25:237][240]LogModuleManager: Shutting down and abandoning module ExampleDeviceProfileSelector (44)
[2017.06.26-20.01.25:237][240]LogModuleManager: Shutting down and abandoning module OnlineBlueprintSupport (42)
[2017.06.26-20.01.25:237][240]LogModuleManager: Shutting down and abandoning module OnlineSubsystem (38)
[2017.06.26-20.01.25:237][240]LogOnline:Display: Unloading online subsystem: NULL
[2017.06.26-20.01.25:246][240]LogModuleManager: Shutting down and abandoning module XMPP (37)
[2017.06.26-20.01.25:248][240]LogModuleManager: Shutting down and abandoning module HTTP (35)
[2017.06.26-20.01.25:248][240]LogHttp:Display: Http module shutting down, but needs to wait on 1 outstanding Http requests:
[2017.06.26-20.01.25:248][240]LogHttp:Display: 	verb=[POST] url=[https://datarouter.ol.epicgames.com/datarouter/api/v1/public/data?SessionID=%7BF50DEF75-43D7-CC96-D475-A2A8203E8075%7D&AppID=UEEditor.Rocket.Release&AppVersion=4.15.3-3450819%2B%2B%2BUE4%2BRelease-4.15&UserID=3c53aeb14f8381cf589af9a05a045162%7C191bcd9e71e141a7a207a951597e632a%7C6892023d-28ec-4f87-8958-26e7706dbce6&AppEnvironment=datacollector-binary&UploadType=eteventstream] status=Processing
[2017.06.26-20.01.25:276][240]LogModuleManager: Shutting down and abandoning module SSL (34)
[2017.06.26-20.01.25:279][240]LogModuleManager: Shutting down and abandoning module AudioEditor (30)
[2017.06.26-20.01.25:295][240]LogModuleManager: Shutting down and abandoning module TextureCompressor (28)
[2017.06.26-20.01.25:295][240]LogModuleManager: Shutting down and abandoning module ShaderCore (26)
[2017.06.26-20.01.25:295][240]LogModuleManager: Shutting down and abandoning module Landscape (24)
[2017.06.26-20.01.25:295][240]LogModuleManager: Shutting down and abandoning module SlateRHIRenderer (22)
[2017.06.26-20.01.25:304][240]LogModuleManager: Shutting down and abandoning module OpenGLDrv (20)
[2017.06.26-20.01.25:322][240]LogModuleManager: Shutting down and abandoning module D3D11RHI (18)
[2017.06.26-20.01.25:322][240]LogModuleManager: Shutting down and abandoning module AnimGraphRuntime (16)
[2017.06.26-20.01.25:332][240]LogModuleManager: Shutting down and abandoning module Renderer (14)
[2017.06.26-20.01.25:332][240]LogModuleManager: Shutting down and abandoning module Engine (12)
[2017.06.26-20.01.25:332][240]LogModuleManager: Shutting down and abandoning module CoreUObject (10)
[2017.06.26-20.01.25:332][240]LogModuleManager: Shutting down and abandoning module NetworkFile (8)
[2017.06.26-20.01.25:332][240]LogModuleManager: Shutting down and abandoning module StreamingFile (6)
[2017.06.26-20.01.25:333][240]LogModuleManager: Shutting down and abandoning module SandboxFile (4)
[2017.06.26-20.01.25:333][240]LogModuleManager: Shutting down and abandoning module PakFile (2)
[2017.06.26-20.01.25:336][240]LogExit: Exiting.
[2017.06.26-20.01.25:351][240]Log file closed, 06/26/17 13:01:25
